 - - [10/Feb/2018:21:16:53 -0500] "GET /dashboard/user HTTP/1.0" 200 9227 "http://buildc3carwashcom-on.cloud.revoluz.io/dashboard/member" "Mozilla/5.0 (Windows NT 6.1) AppleWebKit/537.36 (KHTML, like Gecko) Chrome/63.0.3239.132 Safari/537.36"
 - - [10/Feb/2018:21:27:14 -0500] "GET /dashboard/member HTTP/1.0" 200 11209 "http://buildc3carwashcom-on.cloud.revoluz.io/dashboard/user" "Mozilla/5.0 (Windows NT 6.1) AppleWebKit/537.36 (KHTML, like Gecko) Chrome/63.0.3239.132 Safari/537.36"
 - - [10/Feb/2018:21:27:14 -0500] "GET /static/css/themify-icons.css HTTP/1.0" 304 - "http://buildc3carwashcom-on.cloud.revoluz.io/dashboard/member" "Mozilla/5.0 (Windows NT 6.1) AppleWebKit/537.36 (KHTML, like Gecko) Chrome/63.0.3239.132 Safari/537.36"
 - - [10/Feb/2018:21:27:14 -0500] "GET /static/css/member.css HTTP/1.0" 304 - "http://buildc3carwashcom-on.cloud.revoluz.io/dashboard/member" "Mozilla/5.0 (Windows NT 6.1) AppleWebKit/537.36 (KHTML, like Gecko) Chrome/63.0.3239.132 Safari/537.36"
 - - [10/Feb/2018:21:27:15 -0500] "GET /static/js/bootstrap-checkbox-radio.js HTTP/1.0" 304 - "http://buildc3carwashcom-on.cloud.revoluz.io/dashboard/member" "Mozilla/5.0 (Windows NT 6.1) AppleWebKit/537.36 (KHTML, like Gecko) Chrome/63.0.3239.132 Safari/537.36"
 - - [10/Feb/2018:21:27:15 -0500] "GET /static/js/bootstrap-notify.js HTTP/1.0" 304 - "http://buildc3carwashcom-on.cloud.revoluz.io/dashboard/member" "Mozilla/5.0 (Windows NT 6.1) AppleWebKit/537.36 (KHTML, like Gecko) Chrome/63.0.3239.132 Safari/537.36"
 - - [10/Feb/2018:21:27:15 -0500] "GET /static/js/paper-dashboard.js HTTP/1.0" 304 - "http://buildc3carwashcom-on.cloud.revoluz.io/dashboard/member" "Mozilla/5.0 (Windows NT 6.1) AppleWebKit/537.36 (KHTML, like Gecko) Chrome/63.0.3239.132 Safari/537.36"
 - - [10/Feb/2018:21:27:21 -0500] "GET /dashboard/add-member HTTP/1.0" 500 - "-" "-"
 - - [10/Feb/2018:21:31:56 -0500] "GET /dashboard/add-member HTTP/1.0" 500 - "-" "-"
 - - [10/Feb/2018:21:35:45 -0500] "GET /dashboard/add-member HTTP/1.0" 500 - "-" "-"
 - - [10/Feb/2018:21:51:53 -0500] "GET /dashboard/add-member HTTP/1.0" 500 - "-" "-"
 - - [10/Feb/2018:21:51:58 -0500] "GET /dashboard/add-member HTTP/1.0" 500 - "-" "-"
 - - [10/Feb/2018:21:52:07 -0500] "GET /dashboard/admin-booking HTTP/1.0" 200 11197 "http://buildc3carwashcom-on.cloud.revoluz.io/dashboard/member" "Mozilla/5.0 (Windows NT 6.1) AppleWebKit/537.36 (KHTML, like Gecko) Chrome/63.0.3239.132 Safari/537.36"
 - - [10/Feb/2018:21:52:10 -0500] "GET /dashboard/admin-booking/regular HTTP/1.0" 500 - "-" "-"
 - - [10/Feb/2018:21:58:42 -0500] "GET /dashboard/admin-booking HTTP/1.0" 200 11197 "http://buildc3carwashcom-on.cloud.revoluz.io/dashboard/member" "Mozilla/5.0 (Windows NT 6.1) AppleWebKit/537.36 (KHTML, like Gecko) Chrome/63.0.3239.132 Safari/537.36"
 - - [10/Feb/2018:21:58:48 -0500] "GET /dashboard/admin-booking/regular HTTP/1.0" 200 13030 "http://buildc3carwashcom-on.cloud.revoluz.io/dashboard/admin-booking" "Mozilla/5.0 (Windows NT 6.1) AppleWebKit/537.36 (KHTML, like Gecko) Chrome/63.0.3239.132 Safari/537.36"
 - - [10/Feb/2018:22:01:55 -0500] "POST /dashboard/admin-booking/regular HTTP/1.0" 302 261 "http://buildc3carwashcom-on.cloud.revoluz.io/dashboard/admin-booking/regular" "Mozilla/5.0 (Windows NT 6.1) AppleWebKit/537.36 (KHTML, like Gecko) Chrome/63.0.3239.132 Safari/537.36"
 - - [10/Feb/2018:22:01:55 -0500] "GET /dashboard/location/antrean HTTP/1.0" 200 9422 "http://buildc3carwashcom-on.cloud.revoluz.io/dashboard/admin-booking/regular" "Mozilla/5.0 (Windows NT 6.1) AppleWebKit/537.36 (KHTML, like Gecko) Chrome/63.0.3239.132 Safari/537.36"
 - - [10/Feb/2018:22:02:04 -0500] "GET /dashboard/location/invoice HTTP/1.0" 200 9399 "http://buildc3carwashcom-on.cloud.revoluz.io/dashboard/location/antrean" "Mozilla/5.0 (Windows NT 6.1) AppleWebKit/537.36 (KHTML, like Gecko) Chrome/63.0.3239.132 Safari/537.36"
 - - [10/Feb/2018:22:02:07 -0500] "GET /dashboard/location/invoice/1 HTTP/1.0" 200 9719 "http://buildc3carwashcom-on.cloud.revoluz.io/dashboard/location/invoice" "Mozilla/5.0 (Windows NT 6.1) AppleWebKit/537.36 (KHTML, like Gecko) Chrome/63.0.3239.132 Safari/537.36"
 - - [10/Feb/2018:22:10:36 -0500] "GET /dashboard/location/invoice/1 HTTP/1.0" 200 9713 "http://buildc3carwashcom-on.cloud.revoluz.io/dashboard/location/invoice" "Mozilla/5.0 (Windows NT 6.1) AppleWebKit/537.36 (KHTML, like Gecko) Chrome/63.0.3239.132 Safari/537.36"
 - - [10/Feb/2018:23:04:54 -0500] "GET /login HTTP/1.0" 200 2351 "-" "Mozilla/5.0 (Windows NT 6.1) AppleWebKit/537.36 (KHTML, like Gecko) Chrome/63.0.3239.132 Safari/537.36"
 - - [10/Feb/2018:23:04:55 -0500] "GET /static/css/login.css HTTP/1.0" 304 - "http://buildc3carwashcom-on.cloud.revoluz.io/login" "Mozilla/5.0 (Windows NT 6.1) AppleWebKit/537.36 (KHTML, like Gecko) Chrome/63.0.3239.132 Safari/537.36"
 - - [10/Feb/2018:23:05:03 -0500] "POST /login HTTP/1.0" 302 227 "http://buildc3carwashcom-on.cloud.revoluz.io/login" "Mozilla/5.0 (Windows NT 6.1) AppleWebKit/537.36 (KHTML, like Gecko) Chrome/63.0.3239.132 Safari/537.36"
 - - [10/Feb/2018:23:05:04 -0500] "GET /dashboard HTTP/1.0" 200 11253 "http://buildc3carwashcom-on.cloud.revoluz.io/login" "Mozilla/5.0 (Windows NT 6.1) AppleWebKit/537.36 (KHTML, like Gecko) Chrome/63.0.3239.132 Safari/537.36"
 - - [10/Feb/2018:23:05:10 -0500] "GET /dashboard/location/invoice HTTP/1.0" 200 9399 "http://buildc3carwashcom-on.cloud.revoluz.io/dashboard" "Mozilla/5.0 (Windows NT 6.1) AppleWebKit/537.36 (KHTML, like Gecko) Chrome/63.0.3239.132 Safari/537.36"
 - - [10/Feb/2018:23:05:14 -0500] "GET /dashboard/location/invoice/1 HTTP/1.0" 200 9713 "http://buildc3carwashcom-on.cloud.revoluz.io/dashboard/location/invoice" "Mozilla/5.0 (Windows NT 6.1) AppleWebKit/537.36 (KHTML, like Gecko) Chrome/63.0.3239.132 Safari/537.36"
 - - [10/Feb/2018:23:08:59 -0500] "GET /dashboard/cashier HTTP/1.0" 200 9230 "http://buildc3carwashcom-on.cloud.revoluz.io/dashboard/location/invoice/1" "Mozilla/5.0 (Windows NT 6.1) AppleWebKit/537.36 (KHTML, like Gecko) Chrome/63.0.3239.132 Safari/537.36"
 - - [10/Feb/2018:23:09:04 -0500] "GET /dashboard/add-cashier HTTP/1.0" 200 11612 "http://buildc3carwashcom-on.cloud.revoluz.io/dashboard/cashier" "Mozilla/5.0 (Windows NT 6.1) AppleWebKit/537.36 (KHTML, like Gecko) Chrome/63.0.3239.132 Safari/537.36"
